<?xml version="1.0" encoding="UTF-8"?>
<!-- Generated by org.testng.reporters.JUnitReportReporter -->
<testsuite hostname="DESKTOP-PMB3RF0" failures="0" tests="6" name="ca.walmart.qa.testcases.LaptopPageTestCases" time="136.536" errors="0" timestamp="2021-04-20T20:23:34 EDT" skipped="0">
  <testcase classname="ca.walmart.qa.testcases.LaptopPageTestCases" name="Sort_TC_48_Rating" time="16.163"/>
  <system-out/>
  <testcase classname="ca.walmart.qa.testcases.LaptopPageTestCases" name="SortFilter_TC52_Validate" time="17.358"/>
  <system-out/>
  <testcase classname="ca.walmart.qa.testcases.LaptopPageTestCases" name="Sort_TC51_SingleSelect" time="54.047"/>
  <system-out/>
  <testcase classname="ca.walmart.qa.testcases.LaptopPageTestCases" name="Sort_TC47_Newest" time="16.076"/>
  <system-out/>
  <testcase classname="ca.walmart.qa.testcases.LaptopPageTestCases" name="Sort_TC_50_Popular" time="16.198"/>
  <system-out/>
  <testcase classname="ca.walmart.qa.testcases.LaptopPageTestCases" name="Sort_TC_49_Price" time="16.694"/>
  <system-out/>
</testsuite> <!-- ca.walmart.qa.testcases.LaptopPageTestCases -->
