<?xml version="1.0" encoding="UTF-8"?>
<!-- Generated by org.testng.reporters.JUnitReportReporter -->
<testsuite hostname="DESKTOP-PMB3RF0" failures="0" tests="8" name="ca.walmart.qa.testcases.ShoePageTestCases" time="118.899" errors="0" timestamp="2021-04-20T20:23:34 EDT" skipped="0">
  <testcase classname="ca.walmart.qa.testcases.ShoePageTestCases" name="Filter_TC40_CheckRatings" time="13.285"/>
  <system-out/>
  <testcase classname="ca.walmart.qa.testcases.ShoePageTestCases" name="Filter_TC46_SoldAndShippedby" time="15.818"/>
  <system-out/>
  <testcase classname="ca.walmart.qa.testcases.ShoePageTestCases" name="Filter_TC42_BestSeller" time="15.296"/>
  <system-out/>
  <testcase classname="ca.walmart.qa.testcases.ShoePageTestCases" name="Filter_TC41_CheckOnlineSaving" time="14.059"/>
  <system-out/>
  <testcase classname="ca.walmart.qa.testcases.ShoePageTestCases" name="Filter_TC39_NewArrival" time="14.555"/>
  <system-out/>
  <testcase classname="ca.walmart.qa.testcases.ShoePageTestCases" name="Filter_TC43_Brand" time="13.835"/>
  <system-out/>
  <testcase classname="ca.walmart.qa.testcases.ShoePageTestCases" name="Filter_TC45_Avaibility" time="16.084"/>
  <system-out/>
  <testcase classname="ca.walmart.qa.testcases.ShoePageTestCases" name="Filter_TC44_Price" time="15.967"/>
  <system-out/>
</testsuite> <!-- ca.walmart.qa.testcases.ShoePageTestCases -->
