<?xml version="1.0" encoding="UTF-8"?>
<!-- Generated by org.testng.reporters.JUnitReportReporter -->
<testsuite hostname="DESKTOP-PMB3RF0" failures="0" tests="1" name="ca.walmart.qa.testcases.ShirtPageTestCases" time="19.408" errors="0" timestamp="2021-04-20T20:23:34 EDT" skipped="0">
  <testcase classname="ca.walmart.qa.testcases.ShirtPageTestCases" name="Search_TC36_Result" time="19.408"/>
  <system-out/>
</testsuite> <!-- ca.walmart.qa.testcases.ShirtPageTestCases -->
